<?xml version="1.0" encoding="UTF-8"?>
<!-- Generated by org.testng.reporters.JUnitXMLReporter -->
<testsuite hostname="hp" ignored="0" name="Test" tests="1" failures="1" timestamp="22 Jun 2019 10:39:37 GMT" time="75.502" errors="0">
  <testcase name="SignUpPageNavigation" time="58.279" classname="automation.SignUpPage">
    <failure type="java.lang.AssertionError" message="URL is not matching expected [https://signup.int.staging.insly.training/signup] but found [https://lxrwzby.int.staging.insly.training/login]">
      <![CDATA[java.lang.AssertionError: URL is not matching expected [https://signup.int.staging.insly.training/signup] but found [https://lxrwzby.int.staging.insly.training/login]
at automation.SignUpPage.SignUpPageNavigation(SignUpPage.java:79)
... Removed 30 stack frames]]>
    </failure>
  </testcase> <!-- SignUpPageNavigation -->
</testsuite> <!-- Test -->
